\BOOKMARK [0][-]{chapter.1}{\376\377\000I\000n\000t\000r\000o\000d\000u\000c\000c\000i\000\363\000n}{}% 1
\BOOKMARK [1][-]{section.1.1}{\376\377\000A\000v\000a\000n\000c\000e\000s\000\040\000e\000n\000\040\000U\000A\000V\000s\000\040\000a\000n\000d\000\040\000M\000A\000V\000s}{chapter.1}% 2
\BOOKMARK [1][-]{section.1.2}{\376\377\000F\000i\000l\000t\000r\000o\000\040\000d\000e\000\040\000K\000a\000l\000m\000a\000n}{chapter.1}% 3
\BOOKMARK [1][-]{section.1.3}{\376\377\000M\000i\000c\000r\000o\000c\000o\000n\000t\000r\000o\000l\000a\000d\000o\000r\000e\000s}{chapter.1}% 4
\BOOKMARK [0][-]{chapter.2}{\376\377\000F\000u\000n\000d\000a\000m\000e\000n\000t\000o\000s\000\040\000T\000e\000\363\000r\000i\000c\000o\000s}{}% 5
\BOOKMARK [1][-]{section.2.1}{\376\377\000S\000i\000s\000t\000e\000m\000a\000s\000\040\000d\000e\000\040\000r\000e\000f\000e\000r\000e\000n\000c\000i\000a}{chapter.2}% 6
\BOOKMARK [2][-]{subsection.2.1.1}{\376\377\000S\000i\000s\000t\000e\000m\000a\000\040\000d\000e\000\040\000r\000e\000f\000e\000r\000e\000n\000c\000i\000a\000\040\000i\000n\000e\000r\000c\000i\000a\000l\000:\000\040\000\050\000O\000I\000,\000\040\000x\000I\000,\000\040\000y\000I\000,\000\040\000z\000I\000\051}{section.2.1}% 7
\BOOKMARK [2][-]{subsection.2.1.2}{\376\377\000S\000i\000s\000t\000e\000m\000a\000\040\000d\000e\000\040\000r\000e\000f\000e\000r\000e\000n\000c\000i\000a\000\040\000e\000j\000e\000s\000\040\000c\000u\000e\000r\000p\000o\000:\000\040\000\050\000O\000b\000,\000\040\000x\000b\000,\000\040\000y\000b\000,\000\040\000z\000b\000\051\000\040}{section.2.1}% 8
\BOOKMARK [1][-]{section.2.2}{\376\377\000F\000o\000r\000m\000a\000l\000i\000s\000m\000o\000s\000\040\000p\000a\000r\000a\000\040\000d\000e\000s\000c\000r\000i\000b\000i\000r\000\040\000l\000a\000\040\000a\000c\000t\000i\000t\000u\000d}{chapter.2}% 9
\BOOKMARK [2][-]{subsection.2.2.1}{\376\377\000\301\000n\000g\000u\000l\000o\000s\000\040\000d\000e\000\040\000E\000u\000l\000e\000r}{section.2.2}% 10
\BOOKMARK [2][-]{subsection.2.2.2}{\376\377\000C\000u\000a\000t\000e\000r\000n\000i\000o\000s}{section.2.2}% 11
\BOOKMARK [0][-]{chapter.3}{\376\377\000D\000i\000s\000p\000o\000s\000i\000t\000i\000v\000o\000\040\000e\000x\000p\000e\000r\000i\000m\000e\000n\000t\000a\000l}{}% 12
\BOOKMARK [1][-]{section.3.1}{\376\377\000R\000a\000s\000p\000b\000e\000r\000r\000y\000\040\000P\000i\000\040\000P\000i\000c\000o}{chapter.3}% 13
\BOOKMARK [2][-]{subsection.3.1.1}{\376\377\000E\000s\000p\000e\000c\000i\000f\000i\000c\000a\000c\000i\000o\000n\000e\000s}{section.3.1}% 14
\BOOKMARK [2][-]{subsection.3.1.2}{\376\377\000L\000i\000b\000r\000e\000r\000\355\000a\000s}{section.3.1}% 15
\BOOKMARK [2][-]{subsection.3.1.3}{\376\377\000P\000i\000c\000o\000p\000r\000o\000b\000e}{section.3.1}% 16
\BOOKMARK [1][-]{section.3.2}{\376\377\000S\000e\000n\000s\000o\000r\000\040\000M\000P\000U\000\040\0009\0002\0005\0000}{chapter.3}% 17
\BOOKMARK [0][-]{chapter.4}{\376\377\000C\000a\000r\000a\000c\000t\000e\000r\000i\000z\000a\000c\000i\000\363\000n\000\040\000d\000e\000\040\000l\000o\000s\000\040\000s\000e\000n\000s\000o\000r\000e\000s}{}% 18
\BOOKMARK [1][-]{section.4.1}{\376\377\000G\000e\000n\000e\000r\000a\000l\000i\000d\000a\000d\000e\000s}{chapter.4}% 19
\BOOKMARK [2][-]{subsection.4.1.1}{\376\377\000R\000a\000n\000d\000o\000m\000\040\000w\000a\000l\000k}{section.4.1}% 20
\BOOKMARK [2][-]{subsection.4.1.2}{\376\377\000D\000e\000a\000l\000i\000n\000e\000a\000c\000i\000\363\000n\000\040\000i\000n\000t\000e\000r\000n\000a\000\040\000d\000e\000\040\000l\000o\000s\000\040\000s\000e\000n\000s\000o\000r\000e\000s}{section.4.1}% 21
\BOOKMARK [1][-]{section.4.2}{\376\377\000C\000a\000l\000i\000b\000r\000a\000c\000i\000\363\000n\000\040\000d\000e\000l\000\040\000g\000i\000r\000\363\000s\000c\000o\000p\000o\000.}{chapter.4}% 22
\BOOKMARK [1][-]{section.4.3}{\376\377\000C\000a\000l\000i\000b\000r\000a\000c\000i\000\363\000n\000\040\000d\000e\000l\000\040\000a\000c\000e\000l\000e\000r\000\363\000m\000e\000t\000r\000o}{chapter.4}% 23
\BOOKMARK [1][-]{section.4.4}{\376\377\000C\000a\000l\000i\000b\000r\000a\000c\000i\000\363\000n\000\040\000d\000e\000l\000\040\000m\000a\000g\000n\000e\000t\000\363\000m\000e\000t\000r\000o\000.}{chapter.4}% 24
\BOOKMARK [0][-]{chapter.5}{\376\377\000E\000x\000t\000e\000n\000d\000e\000d\000\040\000K\000a\000l\000m\000a\000n\000\040\000F\000i\000l\000t\000e\000r}{}% 25
\BOOKMARK [1][-]{section.5.1}{\376\377\000A\000c\000c\000e\000l\000e\000r\000o\000m\000e\000t\000e\000r\000\040\000d\000a\000t\000a}{chapter.5}% 26
\BOOKMARK [1][-]{section.5.2}{\376\377\000M\000a\000g\000n\000e\000t\000o\000m\000e\000t\000e\000r\000\040\000d\000a\000t\000a}{chapter.5}% 27
\BOOKMARK [1][-]{section.5.3}{\376\377\000Q\000u\000a\000t\000e\000r\000n\000i\000o\000n\000\040\000E\000K\000F\000\040\000I\000m\000p\000l\000e\000m\000e\000n\000t\000a\000t\000i\000o\000n}{chapter.5}% 28
\BOOKMARK [2][-]{subsection.5.3.1}{\376\377\000P\000r\000e\000d\000i\000c\000t\000i\000o\000n}{section.5.3}% 29
\BOOKMARK [2][-]{subsection.5.3.2}{\376\377\000U\000p\000d\000a\000t\000e}{section.5.3}% 30
